# JRE version: OpenJDK Runtime Environment (15.0.1+9) (build 15.0.1+9-18)
# Java VM: OpenJDK 64-Bit Server VM (15.0.1+9-18, mixed mode, sharing, tiered, compressed oops, g1 gc, windows-amd64)
GC Precious Log:
 CPUs: 8 total, 8 available
 Memory: 12188M
 Large Page Support: Disabled
 NUMA Support: Disabled
 Compressed Oops: Enabled (Zero based)
 Heap Region Size: 2M
 Heap Min Capacity: 8M
 Heap Initial Capacity: 192M
 Heap Max Capacity: 3048M
 Pre-touch: Disabled
 Parallel Workers: 8
 Concurrent Workers: 2
 Concurrent Refinement Workers: 8
 Periodic GC: Disabled
Heap:
 garbage-first heap   total 59392K, used 32261K [0x0000000741800000, 0x0000000800000000)
  region size 2048K, 9 young (18432K), 1 survivors (2048K)
 Metaspace       used 26421K, capacity 26686K, committed 26752K, reserved 1073152K
  class space    used 3332K, capacity 3441K, committed 3456K, reserved 1048576K
GC Heap History (12 events):
Event: 0.674 GC heap before
{Heap before GC invocations=0 (full 0):
 garbage-first heap   total 196608K, used 22528K [0x0000000741800000, 0x0000000800000000)
  region size 2048K, 11 young (22528K), 0 survivors (0K)
 Metaspace       used 5885K, capacity 7687K, committed 7808K, reserved 1056768K
  class space    used 668K, capacity 832K, committed 896K, reserved 1048576K
}
Event: 0.680 GC heap after
{Heap after GC invocations=1 (full 0):
 garbage-first heap   total 196608K, used 3483K [0x0000000741800000, 0x0000000800000000)
  region size 2048K, 2 young (4096K), 2 survivors (4096K)
 Metaspace       used 5885K, capacity 7687K, committed 7808K, reserved 1056768K
  class space    used 668K, capacity 832K, committed 896K, reserved 1048576K
}
Event: 1.666 GC heap before
{Heap before GC invocations=1 (full 0):
 garbage-first heap   total 196608K, used 36251K [0x0000000741800000, 0x0000000800000000)
  region size 2048K, 18 young (36864K), 2 survivors (4096K)
 Metaspace       used 17295K, capacity 17529K, committed 17664K, reserved 1064960K
  class space    used 2083K, capacity 2187K, committed 2304K, reserved 1048576K
}
Event: 1.681 GC heap after
{Heap after GC invocations=2 (full 0):
 garbage-first heap   total 196608K, used 9300K [0x0000000741800000, 0x0000000800000000)
  region size 2048K, 3 young (6144K), 3 survivors (6144K)
 Metaspace       used 17295K, capacity 17529K, committed 17664K, reserved 1064960K
  class space    used 2083K, capacity 2187K, committed 2304K, reserved 1048576K
}
Event: 2.009 GC heap before
{Heap before GC invocations=2 (full 0):
 garbage-first heap   total 196608K, used 23636K [0x0000000741800000, 0x0000000800000000)
  region size 2048K, 11 young (22528K), 3 survivors (6144K)
 Metaspace       used 20931K, capacity 21152K, committed 21248K, reserved 1067008K
  class space    used 2725K, capacity 2797K, committed 2816K, reserved 1048576K
}
Event: 2.021 GC heap after
{Heap after GC invocations=3 (full 0):
 garbage-first heap   total 196608K, used 10716K [0x0000000741800000, 0x0000000800000000)
  region size 2048K, 1 young (2048K), 1 survivors (2048K)
 Metaspace       used 20931K, capacity 21152K, committed 21248K, reserved 1067008K
  class space    used 2725K, capacity 2797K, committed 2816K, reserved 1048576K
}
Event: 4.946 GC heap before
{Heap before GC invocations=4 (full 0):
 garbage-first heap   total 49152K, used 39388K [0x0000000741800000, 0x0000000800000000)
  region size 2048K, 14 young (28672K), 1 survivors (2048K)
 Metaspace       used 24577K, capacity 24860K, committed 25088K, reserved 1071104K
  class space    used 3218K, capacity 3305K, committed 3328K, reserved 1048576K
}
Event: 4.960 GC heap after
{Heap after GC invocations=5 (full 0):
 garbage-first heap   total 49152K, used 17161K [0x0000000741800000, 0x0000000800000000)
  region size 2048K, 2 young (4096K), 2 survivors (4096K)
 Metaspace       used 24577K, capacity 24860K, committed 25088K, reserved 1071104K
  class space    used 3218K, capacity 3305K, committed 3328K, reserved 1048576K
}
Event: 46.196 GC heap before
{Heap before GC invocations=5 (full 0):
 garbage-first heap   total 49152K, used 33545K [0x0000000741800000, 0x0000000800000000)
  region size 2048K, 10 young (20480K), 2 survivors (4096K)
 Metaspace       used 25278K, capacity 25569K, committed 25600K, reserved 1071104K
  class space    used 3223K, capacity 3305K, committed 3328K, reserved 1048576K
}
Event: 46.204 GC heap after
{Heap after GC invocations=6 (full 0):
 garbage-first heap   total 59392K, used 17816K [0x0000000741800000, 0x0000000800000000)
  region size 2048K, 1 young (2048K), 1 survivors (2048K)
 Metaspace       used 25278K, capacity 25569K, committed 25600K, reserved 1071104K
  class space    used 3223K, capacity 3305K, committed 3328K, reserved 1048576K
}
Event: 72.739 GC heap before
{Heap before GC invocations=6 (full 0):
 garbage-first heap   total 59392K, used 40344K [0x0000000741800000, 0x0000000800000000)
  region size 2048K, 12 young (24576K), 1 survivors (2048K)
 Metaspace       used 25948K, capacity 26216K, committed 26496K, reserved 1073152K
  class space    used 3279K, capacity 3371K, committed 3456K, reserved 1048576K
}
Event: 72.742 GC heap after
{Heap after GC invocations=7 (full 0):
 garbage-first heap   total 59392K, used 17925K [0x0000000741800000, 0x0000000800000000)
  region size 2048K, 1 young (2048K), 1 survivors (2048K)
 Metaspace       used 25948K, capacity 26216K, committed 26496K, reserved 1073152K
  class space    used 3279K, capacity 3371K, committed 3456K, reserved 1048576K
}

